<?xml version="1.0" encoding="UTF-8"?>
<!-- Generated by org.testng.reporters.JUnitReportReporter -->
<testsuite hostname="DESKTOP-84QIVPK" failures="0" tests="1" name="config.StartBroser" time="1.942" errors="0" timestamp="4 Aug 2024 14:55:05 GMT">
  <testcase classname="config.StartBroser" name="launch" time="1.942"/>
</testsuite> <!-- config.StartBroser -->
